# JRE version: Java(TM) SE Runtime Environment (8.0_45-b14) (build 1.8.0_45-b14)
# Java VM: Java HotSpot(TM) 64-Bit Server VM (25.45-b02 mixed mode linux-amd64 compressed oops)
Heap:
 PSYoungGen      total 98816K, used 20015K [0x00000000d6f80000, 0x00000000df580000, 0x0000000100000000)
  eden space 93696K, 15% used [0x00000000d6f80000,0x00000000d7e10400,0x00000000dcb00000)
  from space 5120K, 99% used [0x00000000df080000,0x00000000df57b938,0x00000000df580000)
  to   space 5120K, 0% used [0x00000000deb80000,0x00000000deb80000,0x00000000df080000)
 ParOldGen       total 67072K, used 14610K [0x0000000084e00000, 0x0000000088f80000, 0x00000000d6f80000)
  object space 67072K, 21% used [0x0000000084e00000,0x0000000085c44bc0,0x0000000088f80000)
 Metaspace       used 28321K, capacity 28634K, committed 28928K, reserved 1075200K
  class space    used 3613K, capacity 3719K, committed 3840K, reserved 1048576K
GC Heap History (10 events):
Event: 1,253 GC heap before
{Heap before GC invocations=1 (full 0):
 PSYoungGen      total 36864K, used 31744K [0x00000000d6f80000, 0x00000000d9880000, 0x0000000100000000)
  eden space 31744K, 100% used [0x00000000d6f80000,0x00000000d8e80000,0x00000000d8e80000)
  from space 5120K, 0% used [0x00000000d9380000,0x00000000d9380000,0x00000000d9880000)
  to   space 5120K, 0% used [0x00000000d8e80000,0x00000000d8e80000,0x00000000d9380000)
 ParOldGen       total 84992K, used 0K [0x0000000084e00000, 0x000000008a100000, 0x00000000d6f80000)
  object space 84992K, 0% used [0x0000000084e00000,0x0000000084e00000,0x000000008a100000)
 Metaspace       used 10545K, capacity 10728K, committed 10752K, reserved 1058816K
  class space    used 1250K, capacity 1270K, committed 1280K, reserved 1048576K
Event: 1,267 GC heap after
Heap after GC invocations=1 (full 0):
 PSYoungGen      total 36864K, used 5100K [0x00000000d6f80000, 0x00000000db780000, 0x0000000100000000)
  eden space 31744K, 0% used [0x00000000d6f80000,0x00000000d6f80000,0x00000000d8e80000)
  from space 5120K, 99% used [0x00000000d8e80000,0x00000000d937b000,0x00000000d9380000)
  to   space 5120K, 0% used [0x00000000db280000,0x00000000db280000,0x00000000db780000)
 ParOldGen       total 84992K, used 787K [0x0000000084e00000, 0x000000008a100000, 0x00000000d6f80000)
  object space 84992K, 0% used [0x0000000084e00000,0x0000000084ec4f20,0x000000008a100000)
 Metaspace       used 10545K, capacity 10728K, committed 10752K, reserved 1058816K
  class space    used 1250K, capacity 1270K, committed 1280K, reserved 1048576K
}
Event: 2,368 GC heap before
{Heap before GC invocations=2 (full 0):
 PSYoungGen      total 36864K, used 36844K [0x00000000d6f80000, 0x00000000db780000, 0x0000000100000000)
  eden space 31744K, 100% used [0x00000000d6f80000,0x00000000d8e80000,0x00000000d8e80000)
  from space 5120K, 99% used [0x00000000d8e80000,0x00000000d937b000,0x00000000d9380000)
  to   space 5120K, 0% used [0x00000000db280000,0x00000000db280000,0x00000000db780000)
 ParOldGen       total 84992K, used 787K [0x0000000084e00000, 0x000000008a100000, 0x00000000d6f80000)
  object space 84992K, 0% used [0x0000000084e00000,0x0000000084ec4f20,0x000000008a100000)
 Metaspace       used 16243K, capacity 16476K, committed 16896K, reserved 1064960K
  class space    used 2103K, capacity 2178K, committed 2304K, reserved 1048576K
Event: 2,379 GC heap after
Heap after GC invocations=2 (full 0):
 PSYoungGen      total 68608K, used 5099K [0x00000000d6f80000, 0x00000000db780000, 0x0000000100000000)
  eden space 63488K, 0% used [0x00000000d6f80000,0x00000000d6f80000,0x00000000dad80000)
  from space 5120K, 99% used [0x00000000db280000,0x00000000db77ac18,0x00000000db780000)
  to   space 5120K, 0% used [0x00000000dad80000,0x00000000dad80000,0x00000000db280000)
 ParOldGen       total 84992K, used 3349K [0x0000000084e00000, 0x000000008a100000, 0x00000000d6f80000)
  object space 84992K, 3% used [0x0000000084e00000,0x0000000085145688,0x000000008a100000)
 Metaspace       used 16243K, capacity 16476K, committed 16896K, reserved 1064960K
  class space    used 2103K, capacity 2178K, committed 2304K, reserved 1048576K
}
Event: 3,368 GC heap before
{Heap before GC invocations=3 (full 0):
 PSYoungGen      total 68608K, used 54570K [0x00000000d6f80000, 0x00000000db780000, 0x0000000100000000)
  eden space 63488K, 77% used [0x00000000d6f80000,0x00000000d9fcfc28,0x00000000dad80000)
  from space 5120K, 99% used [0x00000000db280000,0x00000000db77ac18,0x00000000db780000)
  to   space 5120K, 0% used [0x00000000dad80000,0x00000000dad80000,0x00000000db280000)
 ParOldGen       total 84992K, used 3349K [0x0000000084e00000, 0x000000008a100000, 0x00000000d6f80000)
  object space 84992K, 3% used [0x0000000084e00000,0x0000000085145688,0x000000008a100000)
 Metaspace       used 20934K, capacity 21146K, committed 21248K, reserved 1067008K
  class space    used 2686K, capacity 2775K, committed 2816K, reserved 1048576K
Event: 3,384 GC heap after
Heap after GC invocations=3 (full 0):
 PSYoungGen      total 68608K, used 5089K [0x00000000d6f80000, 0x00000000df580000, 0x0000000100000000)
  eden space 63488K, 0% used [0x00000000d6f80000,0x00000000d6f80000,0x00000000dad80000)
  from space 5120K, 99% used [0x00000000dad80000,0x00000000db278680,0x00000000db280000)
  to   space 5120K, 0% used [0x00000000df080000,0x00000000df080000,0x00000000df580000)
 ParOldGen       total 84992K, used 9270K [0x0000000084e00000, 0x000000008a100000, 0x00000000d6f80000)
  object space 84992K, 10% used [0x0000000084e00000,0x000000008570db88,0x000000008a100000)
 Metaspace       used 20934K, capacity 21146K, committed 21248K, reserved 1067008K
  class space    used 2686K, capacity 2775K, committed 2816K, reserved 1048576K
}
Event: 3,384 GC heap before
{Heap before GC invocations=4 (full 1):
 PSYoungGen      total 68608K, used 5089K [0x00000000d6f80000, 0x00000000df580000, 0x0000000100000000)
  eden space 63488K, 0% used [0x00000000d6f80000,0x00000000d6f80000,0x00000000dad80000)
  from space 5120K, 99% used [0x00000000dad80000,0x00000000db278680,0x00000000db280000)
  to   space 5120K, 0% used [0x00000000df080000,0x00000000df080000,0x00000000df580000)
 ParOldGen       total 84992K, used 9270K [0x0000000084e00000, 0x000000008a100000, 0x00000000d6f80000)
  object space 84992K, 10% used [0x0000000084e00000,0x000000008570db88,0x000000008a100000)
 Metaspace       used 20934K, capacity 21146K, committed 21248K, reserved 1067008K
  class space    used 2686K, capacity 2775K, committed 2816K, reserved 1048576K
Event: 3,435 GC heap after
Heap after GC invocations=4 (full 1):
 PSYoungGen      total 68608K, used 0K [0x00000000d6f80000, 0x00000000df580000, 0x0000000100000000)
  eden space 63488K, 0% used [0x00000000d6f80000,0x00000000d6f80000,0x00000000dad80000)
  from space 5120K, 0% used [0x00000000dad80000,0x00000000dad80000,0x00000000db280000)
  to   space 5120K, 0% used [0x00000000df080000,0x00000000df080000,0x00000000df580000)
 ParOldGen       total 67072K, used 10839K [0x0000000084e00000, 0x0000000088f80000, 0x00000000d6f80000)
  object space 67072K, 16% used [0x0000000084e00000,0x0000000085895f98,0x0000000088f80000)
 Metaspace       used 20934K, capacity 21146K, committed 21248K, reserved 1067008K
  class space    used 2686K, capacity 2775K, committed 2816K, reserved 1048576K
}
Event: 4,220 GC heap before
{Heap before GC invocations=5 (full 1):
 PSYoungGen      total 68608K, used 63488K [0x00000000d6f80000, 0x00000000df580000, 0x0000000100000000)
  eden space 63488K, 100% used [0x00000000d6f80000,0x00000000dad80000,0x00000000dad80000)
  from space 5120K, 0% used [0x00000000dad80000,0x00000000dad80000,0x00000000db280000)
  to   space 5120K, 0% used [0x00000000df080000,0x00000000df080000,0x00000000df580000)
 ParOldGen       total 67072K, used 10839K [0x0000000084e00000, 0x0000000088f80000, 0x00000000d6f80000)
  object space 67072K, 16% used [0x0000000084e00000,0x0000000085895f98,0x0000000088f80000)
 Metaspace       used 27270K, capacity 27554K, committed 27904K, reserved 1073152K
  class space    used 3475K, capacity 3555K, committed 3584K, reserved 1048576K
Event: 4,234 GC heap after
Heap after GC invocations=5 (full 1):
 PSYoungGen      total 98816K, used 5102K [0x00000000d6f80000, 0x00000000df580000, 0x0000000100000000)
  eden space 93696K, 0% used [0x00000000d6f80000,0x00000000d6f80000,0x00000000dcb00000)
  from space 5120K, 99% used [0x00000000df080000,0x00000000df57b938,0x00000000df580000)
  to   space 5120K, 0% used [0x00000000deb80000,0x00000000deb80000,0x00000000df080000)
 ParOldGen       total 67072K, used 14610K [0x0000000084e00000, 0x0000000088f80000, 0x00000000d6f80000)
  object space 67072K, 21% used [0x0000000084e00000,0x0000000085c44bc0,0x0000000088f80000)
 Metaspace       used 27270K, capacity 27554K, committed 27904K, reserved 1073152K
  class space    used 3475K, capacity 3555K, committed 3584K, reserved 1048576K
}

