<?xml version="1.0" encoding="UTF-8" ?>
<testsuite tests="1" failures="0" name="com.zenika.user.routes.BasicIntegrationTest" time="2.123" errors="1" skipped="0">
  <properties>
[...]
</properties>
  <testcase classname="com.zenika.user.routes.BasicIntegrationTest" name="test" time="2.121">
    <error message="TestCase [GetUser] failed without assertions
" type="java.lang.Exception">java.lang.Exception: TestCase [GetUser] failed without assertions

	at com.eviware.soapui.tools.SoapUITestCaseRunner.throwFailureException(SoapUITestCaseRunner.java:499)
	at com.eviware.soapui.tools.SoapUITestCaseRunner.runRunner(SoapUITestCaseRunner.java:415)
	at com.eviware.soapui.tools.AbstractSoapUIRunner.run(AbstractSoapUIRunner.java:188)
	at com.zenika.user.routes.BasicIntegrationTest.test(BasicIntegrationTest.java:21)
	at sun.reflect.NativeMethodAccessorImpl.invoke0(Native Method)
	at sun.reflect.NativeMethodAccessorImpl.invoke(NativeMethodAccessorImpl.java:62)
	at sun.reflect.DelegatingMethodAccessorImpl.invoke(DelegatingMethodAccessorImpl.java:43)
	at java.lang.reflect.Method.invoke(Method.java:497)
	at org.junit.runners.model.FrameworkMethod$1.runReflectiveCall(FrameworkMethod.java:47)
	at org.junit.internal.runners.model.ReflectiveCallable.run(ReflectiveCallable.java:12)
	at org.junit.runners.model.FrameworkMethod.invokeExplosively(FrameworkMethod.java:44)
	at org.junit.internal.runners.statements.InvokeMethod.evaluate(InvokeMethod.java:17)
	at org.springframework.test.context.junit4.statements.RunBeforeTestMethodCallbacks.evaluate(RunBeforeTestMethodCallbacks.java:74)
	at org.springframework.test.context.junit4.statements.RunAfterTestMethodCallbacks.evaluate(RunAfterTestMethodCallbacks.java:83)
	at org.springframework.test.context.junit4.statements.SpringRepeat.evaluate(SpringRepeat.java:72)
	at org.springframework.test.context.junit4.SpringJUnit4ClassRunner.runChild(SpringJUnit4ClassRunner.java:231)
	at org.springframework.test.context.junit4.SpringJUnit4ClassRunner.runChild(SpringJUnit4ClassRunner.java:88)
	at org.junit.runners.ParentRunner$3.run(ParentRunner.java:238)
	at org.junit.runners.ParentRunner$1.schedule(ParentRunner.java:63)
	at org.junit.runners.ParentRunner.runChildren(ParentRunner.java:236)
	at org.junit.runners.ParentRunner.access$000(ParentRunner.java:53)
	at org.junit.runners.ParentRunner$2.evaluate(ParentRunner.java:229)
	at org.springframework.test.context.junit4.statements.RunBeforeTestClassCallbacks.evaluate(RunBeforeTestClassCallbacks.java:61)
	at org.springframework.test.context.junit4.statements.RunAfterTestClassCallbacks.evaluate(RunAfterTestClassCallbacks.java:71)
	at org.junit.runners.ParentRunner.run(ParentRunner.java:309)
	at org.springframework.test.context.junit4.SpringJUnit4ClassRunner.run(SpringJUnit4ClassRunner.java:174)
	at org.apache.maven.surefire.junit4.JUnit4TestSet.execute(JUnit4TestSet.java:53)
	at org.apache.maven.surefire.junit4.JUnit4Provider.executeTestSet(JUnit4Provider.java:123)
	at org.apache.maven.surefire.junit4.JUnit4Provider.invoke(JUnit4Provider.java:104)
	at sun.reflect.NativeMethodAccessorImpl.invoke0(Native Method)
	at sun.reflect.NativeMethodAccessorImpl.invoke(NativeMethodAccessorImpl.java:62)
	at sun.reflect.DelegatingMethodAccessorImpl.invoke(DelegatingMethodAccessorImpl.java:43)
	at java.lang.reflect.Method.invoke(Method.java:497)
	at org.apache.maven.surefire.util.ReflectionUtils.invokeMethodWithArray(ReflectionUtils.java:164)
	at org.apache.maven.surefire.booter.ProviderFactory$ProviderProxy.invoke(ProviderFactory.java:110)
	at org.apache.maven.surefire.booter.SurefireStarter.invokeProvider(SurefireStarter.java:175)
	at org.apache.maven.surefire.booter.SurefireStarter.runSuitesInProcessWhenForked(SurefireStarter.java:107)
	at org.apache.maven.surefire.booter.ForkedBooter.main(ForkedBooter.java:68)
</error>
    <system-out>2015-07-10 14:48:42,950 [main] DEBUG org.springframework.test.context.support.DirtiesContextTestExecutionListener - After test class: context [[TestContext@51e5fc98 testClass = AdapterRouteTest, testInstance = [null], testMethod = [null], testException = [null], mergedContextConfiguration = [MergedContextConfiguration@12e61fe6 testClass = AdapterRouteTest, locations = &apos;{classpath:/META-INF/spring/test-context.xml}&apos;, classes = &apos;{}&apos;, contextInitializerClasses = &apos;[]&apos;, activeProfiles = &apos;{}&apos;, contextLoader = &apos;org.apache.camel.test.spring.CamelSpringTestContextLoader&apos;, parent = [null]]]], dirtiesContext [true].
2015-07-10 14:48:42,957 [main] DEBUG org.springframework.test.context.junit4.SpringJUnit4ClassRunner - SpringJUnit4ClassRunner constructor called with [class com.zenika.user.routes.BasicIntegrationTest].
2015-07-10 14:48:42,957 [main] DEBUG org.springframework.test.context.ContextLoaderUtils - Could not find an &apos;annotation declaring class&apos; for annotation type [org.springframework.test.context.ActiveProfiles] and class [com.zenika.user.routes.BasicIntegrationTest]
2015-07-10 14:48:42,958 [main] DEBUG org.springframework.test.context.TestContextManager - @TestExecutionListeners is not present for class [com.zenika.user.routes.BasicIntegrationTest]: using defaults.
2015-07-10 14:48:42,958 [main] DEBUG org.springframework.test.annotation.ProfileValueUtils - Retrieved @ProfileValueSourceConfiguration [null] for test class [com.zenika.user.routes.BasicIntegrationTest]
2015-07-10 14:48:42,958 [main] DEBUG org.springframework.test.annotation.ProfileValueUtils - Retrieved ProfileValueSource type [class org.springframework.test.annotation.SystemProfileValueSource] for class [com.zenika.user.routes.BasicIntegrationTest]
2015-07-10 14:48:42,958 [main] DEBUG org.springframework.test.annotation.ProfileValueUtils - Retrieved @ProfileValueSourceConfiguration [null] for test class [com.zenika.user.routes.BasicIntegrationTest]
2015-07-10 14:48:42,958 [main] DEBUG org.springframework.test.annotation.ProfileValueUtils - Retrieved ProfileValueSource type [class org.springframework.test.annotation.SystemProfileValueSource] for class [com.zenika.user.routes.BasicIntegrationTest]
2015-07-10 14:48:42,960 [main] DEBUG org.springframework.test.annotation.ProfileValueUtils - Retrieved @ProfileValueSourceConfiguration [null] for test class [com.zenika.user.routes.BasicIntegrationTest]
2015-07-10 14:48:42,960 [main] DEBUG org.springframework.test.annotation.ProfileValueUtils - Retrieved ProfileValueSource type [class org.springframework.test.annotation.SystemProfileValueSource] for class [com.zenika.user.routes.BasicIntegrationTest]
2015-07-10 14:48:42,960 [main] DEBUG org.springframework.test.context.support.DependencyInjectionTestExecutionListener - Performing dependency injection for test context [[TestContext@ce9b9a9 testClass = BasicIntegrationTest, testInstance = com.zenika.user.routes.BasicIntegrationTest@4ad3d266, testMethod = [null], testException = [null], mergedContextConfiguration = [MergedContextConfiguration@3533df16 testClass = BasicIntegrationTest, locations = &apos;{classpath:/META-INF/spring/test-integration-context.xml}&apos;, classes = &apos;{}&apos;, contextInitializerClasses = &apos;[]&apos;, activeProfiles = &apos;{}&apos;, contextLoader = &apos;org.apache.camel.test.spring.CamelSpringTestContextLoader&apos;, parent = [null]]]].
2015-07-10 14:48:42,963 [main] DEBUG org.springframework.core.env.StandardEnvironment - Adding [systemProperties] PropertySource with lowest search precedence
2015-07-10 14:48:42,964 [main] DEBUG org.springframework.core.env.StandardEnvironment - Adding [systemEnvironment] PropertySource with lowest search precedence
2015-07-10 14:48:42,966 [main] DEBUG org.springframework.core.env.StandardEnvironment - Initialized StandardEnvironment with PropertySources [systemProperties,systemEnvironment]
2015-07-10 14:48:42,967 [main] INFO  org.springframework.beans.factory.xml.XmlBeanDefinitionReader - Loading XML bean definitions from class path resource [META-INF/spring/test-integration-context.xml]
2015-07-10 14:48:42,969 [main] DEBUG org.springframework.beans.factory.xml.DefaultDocumentLoader - Using JAXP provider [org.apache.xerces.jaxp.DocumentBuilderFactoryImpl]
2015-07-10 14:48:42,972 [main] DEBUG org.springframework.beans.factory.xml.PluggableSchemaResolver - Loading schema mappings from [META-INF/spring.schemas]
2015-07-10 14:48:42,979 [main] DEBUG org.springframework.beans.factory.xml.PluggableSchemaResolver - Loaded schema mappings: {http://camel.apache.org/schema/osgi/camel-osgi-2.13.0.xsd=camel-osgi.xsd, http://www.w3.org/2006/07/ws-policy.xsd=schemas/ws-policy-200607.xsd, http://camel.apache.org/schema/cxf/camel-cxf-2.8.1.xsd=schema/cxfEndpoint.xsd, http://www.springframework.org/schema/task/spring-task-3.0.xsd=org/springframework/scheduling/config/spring-task-3.0.xsd, http://camel.apache.org/schema/cxf/camel-cxf-2.10.0.xsd=schema/cxfEndpoint.xsd, http://camel.apache.org/schema/spring/camel-spring-2.8.4.xsd=camel-spring.xsd, http://camel.apache.org/schema/osgi/camel-osgi-2.7.3.xsd=camel-osgi.xsd, http://cxf.apache.org/schemas/jaxws.xsd=schemas/jaxws.xsd, http://camel.apache.org/schema/osgi/camel-osgi-2.14.0.xsd=camel-osgi.xsd, http://camel.apache.org/schema/cxf/camel-cxf-2.9.1.xsd=schema/cxfEndpoint.xsd, http://camel.apache.org/schema/cxf/camel-cxf-2.11.0.xsd=schema/cxfEndpoint.xsd, http://camel.apache.org/schema/spring/camel-spring-2.9.4.xsd=camel-spring.xsd, http://www.springframework.org/schema/lang/spring-lang-2.0.xsd=org/springframework/scripting/config/spring-lang-2.0.xsd, http://cxf.apache.org/schemas/policy.xsd=schemas/policy.xsd, http://camel.apache.org/schema/spring/camel-spring-2.10.1.xsd=camel-spring.xsd, http://www.springframework.org/schema/tx/spring-tx-3.0.xsd=org/springframework/transaction/config/spring-tx-3.0.xsd, http://camel.apache.org/schema/cxf/camel-cxf-2.12.0.xsd=schema/cxfEndpoint.xsd, http://camel.apache.org/schema/cxf/camel-cxf-2.10.7.xsd=schema/cxfEndpoint.xsd, http://www.springframework.org/schema/lang/spring-lang-3.0.xsd=org/springframework/scripting/config/spring-lang-3.0.xsd, http://camel.apache.org/schema/cxf/camel-cxf-2.9.8.xsd=schema/cxfEndpoint.xsd, http://www.springframework.org/schema/beans/spring-beans.xsd=org/springframework/beans/factory/xml/spring-beans-3.2.xsd, http://camel.apache.org/schema/spring/camel-spring-2.11.1.xsd=camel-spring.xsd, http://camel.apache.org/schema/osgi/camel-osgi-2.10.0.xsd=camel-osgi.xsd, http://cxf.apache.org/schemas/core.xsd=schemas/core.xsd, http://www.springframework.org/schema/beans/spring-beans-3.0.xsd=org/springframework/beans/factory/xml/spring-beans-3.0.xsd, http://camel.apache.org/schema/osgi/camel-osgi-2.11.0.xsd=camel-osgi.xsd, http://cxf.apache.org/schemas/jaxrs-common.xsd=schemas/jaxrs-common.xsd, http://camel.apache.org/schema/osgi/camel-osgi-2.10.7.xsd=camel-osgi.xsd, http://camel.apache.org/schema/cxf/camel-cxf-2.7.1.xsd=schema/cxfEndpoint.xsd, http://camel.apache.org/schema/spring/camel-spring-2.7.4.xsd=camel-spring.xsd, http://www.springframework.org/schema/context/spring-context-3.2.xsd=org/springframework/context/config/spring-context-3.2.xsd, http://camel.apache.org/schema/osgi/camel-osgi-2.8.6.xsd=camel-osgi.xsd, http://camel.apache.org/schema/osgi/camel-osgi-2.9.6.xsd=camel-osgi.xsd, http://www.springframework.org/schema/tx/spring-tx-2.0.xsd=org/springframework/transaction/config/spring-tx-2.0.xsd, http://www.springframework.org/schema/jee/spring-jee-2.5.xsd=org/springframework/ejb/config/spring-jee-2.5.xsd, http://www.springframework.org/schema/util/spring-util-3.1.xsd=org/springframework/beans/factory/xml/spring-util-3.1.xsd, http://www.springframework.org/schema/tool/spring-tool-3.1.xsd=org/springframework/beans/factory/xml/spring-tool-3.1.xsd, http://cxf.apache.org/schemas/jaxrs-client.xsd=schemas/jaxrs-client.xsd, http://www.springframework.org/schema/beans/spring-beans-2.0.xsd=org/springframework/beans/factory/xml/spring-beans-2.0.xsd, http://camel.apache.org/schema/spring/camel-spring-2.12.4.xsd=camel-spring.xsd, http://camel.apache.org/schema/spring/camel-spring-2.8.0.xsd=camel-spring.xsd, http://camel.apache.org/schema/osgi/camel-osgi-2.12.3.xsd=camel-osgi.xsd, http://camel.apache.org/schema/spring/camel-spring-2.9.0.xsd=camel-spring.xsd, http://cxf.apache.org/schemas/configuration/parameterized-types.xsd=schemas/configuration/parameterized-types.xsd, http://camel.apache.org/schema/cxf/camel-cxf-2.8.4.xsd=schema/cxfEndpoint.xsd, http://camel.apache.org/schema/osgi/camel-osgi.xsd=camel-osgi.xsd, http://camel.apache.org/schema/cxf/camel-cxf-2.10.3.xsd=schema/cxfEndpoint.xsd, http://www.springframework.org/schema/tool/spring-tool.xsd=org/springframework/beans/factory/xml/spring-tool-3.2.xsd, http://camel.apache.org/schema/cxf/camel-cxf-2.9.4.xsd=schema/cxfEndpoint.xsd, http://camel.apache.org/schema/cxf/camel-cxf-2.11.3.xsd=schema/cxfEndpoint.xsd, http://camel.apache.org/schema/spring/camel-spring-2.9.7.xsd=camel-spring.xsd, http://camel.apache.org/schema/spring/camel-spring-2.5.0.xsd=camel-spring.xsd, http://camel.apache.org/schema/spring/camel-spring-2.10.4.xsd=camel-spring.xsd, http://camel.apache.org/schema/cxf/camel-cxf-2.12.3.xsd=schema/cxfEndpoint.xsd, http://camel.apache.org/schema/spring/camel-spring-2.6.0.xsd=camel-spring.xsd, http://camel.apache.org/schema/spring/camel-spring-2.11.4.xsd=camel-spring.xsd, http://camel.apache.org/schema/osgi/camel-osgi-2.10.3.xsd=camel-osgi.xsd, http://camel.apache.org/schema/spring/camel-spring-2.7.0.xsd=camel-spring.xsd, http://camel.apache.org/schema/osgi/camel-osgi-2.11.3.xsd=camel-osgi.xsd, http://www.w3.org/2001/xml.xsd=schemas/xml.xsd, http://camel.apache.org/schema/osgi/camel-osgi-2.8.2.xsd=camel-osgi.xsd, http://camel.apache.org/schema/cxf/camel-cxf-2.0-M2.xsd=schema/cxfEndpoint.xsd, http://www.springframework.org/schema/context/spring-context.xsd=org/springframework/context/config/spring-context-3.2.xsd, http://schemas.xmlsoap.org/ws/2004/09/policy/ws-policy.xsd=schemas/ws-policy-200409.xsd, http://camel.apache.org/schema/osgi/camel-osgi-2.9.2.xsd=camel-osgi.xsd, http://camel.apache.org/schema/cxf/camel-cxf-2.7.4.xsd=schema/cxfEndpoint.xsd, http://www.springframework.org/schema/lang/spring-lang.xsd=org/springframework/scripting/config/spring-lang-3.2.xsd, http://camel.apache.org/schema/spring/camel-spring-2.0-M3.xsd=camel-spring.xsd, http://camel.apache.org/schema/spring/camel-spring-2.3.0.xsd=camel-spring.xsd, http://www.springframework.org/schema/jee/spring-jee-3.1.xsd=org/springframework/ejb/config/spring-jee-3.1.xsd, http://camel.apache.org/schema/spring/camel-spring-2.12.0.xsd=camel-spring.xsd, http://camel.apache.org/schema/spring/camel-spring-2.4.0.xsd=camel-spring.xsd, http://camel.apache.org/schema/osgi/camel-osgi-2.0-M2.xsd=camel-osgi.xsd, http://camel.apache.org/schema/spring/camel-spring-2.13.0.xsd=camel-spring.xsd, http://cxf.apache.org/schemas/configuration/security.xsd=schemas/configuration/security.xsd, http://camel.apache.org/schema/spring/camel-spring-2.14.0.xsd=camel-spring.xsd, http://camel.apache.org/schema/cxf/camel-cxf-2.8.0.xsd=schema/cxfEndpoint.xsd, http://docs.oasis-open.org/wss/2004/01/oasis-200401-wss-wssecurity-secext-1.0.xsd=schemas/oasis-200401-wss-wssecurity-secext-1.0.xsd, http://camel.apache.org/schema/spring/camel-spring-2.8.3.xsd=camel-spring.xsd, http://camel.apache.org/schema/osgi/camel-osgi-2.7.2.xsd=camel-osgi.xsd, http://camel.apache.org/schema/cxf/camel-cxf-2.9.0.xsd=schema/cxfEndpoint.xsd, http://camel.apache.org/schema/spring/camel-spring-2.9.3.xsd=camel-spring.xsd, http://camel.apache.org/schema/spring/camel-spring-2.1.0.xsd=camel-spring.xsd, http://cxf.apache.org/schemas/configuration/soap.xsd=schemas/configuration/soap.xsd, http://schemas.xmlsoap.org/ws/2004/08/addressing=schemas/wsdl/addressing.xsd, http://www.springframework.org/schema/context/spring-context-2.5.xsd=org/springframework/context/config/spring-context-2.5.xsd, http://camel.apache.org/schema/spring/camel-spring-2.10.0.xsd=camel-spring.xsd, http://camel.apache.org/schema/cxf/camel-cxf-2.10.6.xsd=schema/cxfEndpoint.xsd, http://camel.apache.org/schema/spring/camel-spring-2.2.0.xsd=camel-spring.xsd, http://camel.apache.org/schema/spring=camel-spring.xsd, http://camel.apache.org/schema/cxf/camel-cxf-2.9.7.xsd=schema/cxfEndpoint.xsd, http://camel.apache.org/schema/spring/camel-spring-2.11.0.xsd=camel-spring.xsd, http://camel.apache.org/schema/spring/v2.14=camel-spring-v2.14.xsd, http://camel.apache.org/schema/cxf/camel-cxf-2.5.0.xsd=schema/cxfEndpoint.xsd, http://camel.apache.org/schema/spring/camel-spring-2.10.7.xsd=camel-spring.xsd, http://camel.apache.org/schema/cxf/camel-cxf-2.6.0.xsd=schema/cxfEndpoint.xsd, http://camel.apache.org/schema/osgi/camel-osgi-2.10.6.xsd=camel-osgi.xsd, http://camel.apache.org/schema/cxf/camel-cxf-2.7.0.xsd=schema/cxfEndpoint.xsd, http://camel.apache.org/schema/spring/camel-spring-2.7.3.xsd=camel-spring.xsd, http://www.springframework.org/schema/aop/spring-aop-3.2.xsd=org/springframework/aop/config/spring-aop-3.2.xsd, http://www.springframework.org/schema/context/spring-context-3.1.xsd=org/springframework/context/config/spring-context-3.1.xsd, http://camel.apache.org/schema/osgi/camel-osgi-2.8.5.xsd=camel-osgi.xsd, http://camel.apache.org/schema/spring/camel-spring-2.0.0.xsd=camel-spring.xsd, http://www.springframework.org/schema/util/spring-util-2.0.xsd=org/springframework/beans/factory/xml/spring-util-2.0.xsd, http://camel.apache.org/schema/osgi/camel-osgi-2.9.5.xsd=camel-osgi.xsd, http://www.springframework.org/schema/tool/spring-tool-2.0.xsd=org/springframework/beans/factory/xml/spring-tool-2.0.xsd, http://camel.apache.org/schema/cxf/camel-cxf-2.3.0.xsd=schema/cxfEndpoint.xsd, http://camel.apache.org/schema/cxf/camel-cxf-2.13.2.xsd=schema/cxfEndpoint.xsd, http://www.springframework.org/schema/util/spring-util-3.0.xsd=org/springframework/beans/factory/xml/spring-util-3.0.xsd, http://www.springframework.org/schema/tx/spring-tx.xsd=org/springframework/transaction/config/spring-tx-3.2.xsd, http://www.springframework.org/schema/tool/spring-tool-3.0.xsd=org/springframework/beans/factory/xml/spring-tool-3.0.xsd, http://camel.apache.org/schema/cxf/camel-cxf-2.4.0.xsd=schema/cxfEndpoint.xsd, http://camel.apache.org/schema/spring/camel-spring-2.12.3.xsd=camel-spring.xsd, http://cxf.apache.org/schemas/configuration/http-jetty.xsd=schemas/configuration/http-jetty.xsd, http://cxf.apache.org/schemas/configuration/cxf-beans.xsd=schemas/configuration/cxf-beans.xsd, http://www.springframework.org/schema/util/spring-util.xsd=org/springframework/beans/factory/xml/spring-util-3.2.xsd, http://camel.apache.org/schema/osgi/camel-osgi-2.12.2.xsd=camel-osgi.xsd, http://www.w3.org/2007/02/ws-policy.xsd=schemas/ws-policy-200702.xsd, http://camel.apache.org/schema/osgi/camel-osgi-2.13.2.xsd=camel-osgi.xsd, http://camel.apache.org/schema/cxf/camel-cxf-2.8.3.xsd=schema/cxfEndpoint.xsd, http://www.springframework.org/schema/task/spring-task-3.2.xsd=org/springframework/scheduling/config/spring-task-3.2.xsd, http://camel.apache.org/schema/cxf/camel-cxf-2.10.2.xsd=schema/cxfEndpoint.xsd, http://camel.apache.org/schema/osgi/camel-osgi-2.7.5.xsd=camel-osgi.xsd, http://camel.apache.org/schema/spring/camel-spring-2.8.6.xsd=camel-spring.xsd, http://www.w3.org/TR/xmldsig-core/xmldsig-core-schema.xsd=schemas/xmldsig-core-schema.xsd, http://camel.apache.org/schema/cxf/camel-cxf-2.9.3.xsd=schema/cxfEndpoint.xsd, http://camel.apache.org/schema/cxf/camel-cxf-2.1.0.xsd=schema/cxfEndpoint.xsd, http://camel.apache.org/schema/cxf/camel-cxf-2.11.2.xsd=schema/cxfEndpoint.xsd, http://camel.apache.org/schema/spring/camel-spring-2.9.6.xsd=camel-spring.xsd, http://www.springframework.org/schema/cache/spring-cache-3.2.xsd=org/springframework/cache/config/spring-cache-3.2.xsd, http://camel.apache.org/schema/cxf/camel-cxf-2.2.0.xsd=schema/cxfEndpoint.xsd, http://camel.apache.org/schema/spring/camel-spring-2.10.3.xsd=camel-spring.xsd, http://www.springframework.org/schema/tx/spring-tx-3.2.xsd=org/springframework/transaction/config/spring-tx-3.2.xsd, http://camel.apache.org/schema/cxf/camel-cxf-2.12.2.xsd=schema/cxfEndpoint.xsd, http://www.springframework.org/schema/lang/spring-lang-3.2.xsd=org/springframework/scripting/config/spring-lang-3.2.xsd, http://camel.apache.org/schema/spring/camel-spring-2.11.3.xsd=camel-spring.xsd, http://camel.apache.org/schema/osgi/camel-osgi-2.10.2.xsd=camel-osgi.xsd, http://www.springframework.org/schema/beans/spring-beans-3.2.xsd=org/springframework/beans/factory/xml/spring-beans-3.2.xsd, http://camel.apache.org/schema/osgi/camel-osgi-2.11.2.xsd=camel-osgi.xsd, http://camel.apache.org/schema/osgi/camel-osgi-2.8.1.xsd=camel-osgi.xsd, http://camel.apache.org/schema/cxf/camel-cxf-2.0-M1.xsd=schema/cxfEndpoint.xsd, http://www.springframework.org/schema/aop/spring-aop-2.5.xsd=org/springframework/aop/config/spring-aop-2.5.xsd, http://camel.apache.org/schema/osgi/camel-osgi-2.9.1.xsd=camel-osgi.xsd, http://camel.apache.org/schema/cxf/camel-cxf-2.7.3.xsd=schema/cxfEndpoint.xsd, http://www.springframework.org/schema/jee/spring-jee-2.0.xsd=org/springframework/ejb/config/spring-jee-2.0.xsd, http://cxf.apache.org/configuration/parameterized-types=schemas/configuration/parameterized-types.xsd, http://cxf.apache.org/schemas/simple.xsd=schemas/simple.xsd, http://camel.apache.org/schema/spring/camel-spring-2.0-M2.xsd=camel-spring.xsd, http://camel.apache.org/schema/cxf/camel-cxf-2.0.0.xsd=schema/cxfEndpoint.xsd, http://www.springframework.org/schema/jee/spring-jee-3.0.xsd=org/springframework/ejb/config/spring-jee-3.0.xsd, http://camel.apache.org/schema/osgi/camel-osgi-2.9.8.xsd=camel-osgi.xsd, http://camel.apache.org/schema/osgi/camel-osgi-2.0-M1.xsd=camel-osgi.xsd, http://cxf.apache.org/schemas/configuration/http-conf.xsd=schemas/configuration/http-conf.xsd, http://camel.apache.org/schema/spring/camel-spring-2.8.2.xsd=camel-spring.xsd, http://camel.apache.org/schema/osgi/camel-osgi-2.7.1.xsd=camel-osgi.xsd, http://camel.apache.org/schema/spring/camel-spring-2.9.2.xsd=camel-spring.xsd, http://camel.apache.org/schema/cxf/camel-cxf-2.8.6.xsd=schema/cxfEndpoint.xsd, http://camel.apache.org/schema/cxf/camel-cxf-2.10.5.xsd=schema/cxfEndpoint.xsd, http://camel.apache.org/schema/cxf/camel-cxf-2.9.6.xsd=schema/cxfEndpoint.xsd, http://www.springframework.org/schema/lang/spring-lang-2.5.xsd=org/springframework/scripting/config/spring-lang-2.5.xsd, http://camel.apache.org/schema/spring/camel-spring-2.10.6.xsd=camel-spring.xsd, http://camel.apache.org/schema/osgi/camel-osgi-2.10.5.xsd=camel-osgi.xsd, http://cxf.apache.org/transports/camel.xsd=schema/configuration/camel.xsd, http://camel.apache.org/schema/spring/camel-spring-2.7.2.xsd=camel-spring.xsd, http://www.springframework.org/schema/aop/spring-aop-3.1.xsd=org/springframework/aop/config/spring-aop-3.1.xsd, http://www.springframework.org/schema/context/spring-context-3.0.xsd=org/springframework/context/config/spring-context-3.0.xsd, http://camel.apache.org/schema/osgi/camel-osgi-2.8.4.xsd=camel-osgi.xsd, http://schemas.xmlsoap.org/wsdl/http/=schemas/wsdl/http.xsd, http://camel.apache.org/schema/osgi/camel-osgi-2.9.4.xsd=camel-osgi.xsd, http://cxf.apache.org/schemas/ws/addressing.xsd=schemas/ws-addr-conf.xsd, http://camel.apache.org/schema/cxf/camel-cxf-2.13.1.xsd=schema/cxfEndpoint.xsd, http://camel.apache.org/schema/spring/camel-spring-2.12.2.xsd=camel-spring.xsd, http://www.springframework.org/schema/tx/spring-tx-2.5.xsd=org/springframework/transaction/config/spring-tx-2.5.xsd, http://schemas.xmlsoap.org/wsdl/2003-02-11.xsd=schemas/wsdl/wsdl.xsd, http://camel.apache.org/schema/spring/camel-spring-2.13.2.xsd=camel-spring.xsd, http://camel.apache.org/schema/osgi/camel-osgi-2.12.1.xsd=camel-osgi.xsd, http://www.springframework.org/schema/beans/spring-beans-2.5.xsd=org/springframework/beans/factory/xml/spring-beans-2.5.xsd, http://cxf.apache.org/schemas/jaxrs.xsd=schemas/jaxrs.xsd, http://camel.apache.org/schema/osgi/camel-osgi-2.13.1.xsd=camel-osgi.xsd, http://camel.apache.org/schema/cxf/camel-cxf-2.8.2.xsd=schema/cxfEndpoint.xsd, http://www.springframework.org/schema/task/spring-task-3.1.xsd=org/springframework/scheduling/config/spring-task-3.1.xsd, http://camel.apache.org/schema/cxf/camel-cxf-2.10.1.xsd=schema/cxfEndpoint.xsd, http://camel.apache.org/schema/spring/camel-spring-2.8.5.xsd=camel-spring.xsd, http://camel.apache.org/schema/osgi/camel-osgi-2.7.4.xsd=camel-osgi.xsd, http://camel.apache.org/schema/cxf/camel-cxf-2.9.2.xsd=schema/cxfEndpoint.xsd, http://camel.apache.org/schema/cxf/camel-cxf-2.11.1.xsd=schema/cxfEndpoint.xsd, http://camel.apache.org/schema/spring/camel-spring-2.9.5.xsd=camel-spring.xsd, http://www.springframework.org/schema/cache/spring-cache-3.1.xsd=org/springframework/cache/config/spring-cache-3.1.xsd, http://camel.apache.org/schema/spring/camel-spring-2.10.2.xsd=camel-spring.xsd, http://www.springframework.org/schema/tx/spring-tx-3.1.xsd=org/springframework/transaction/config/spring-tx-3.1.xsd, http://camel.apache.org/schema/cxf/camel-cxf-2.12.1.xsd=schema/cxfEndpoint.xsd, http://camel.apache.org/schema/cxf/camel-cxf.xsd=schema/cxfEndpoint.xsd, http://www.springframework.org/schema/lang/spring-lang-3.1.xsd=org/springframework/scripting/config/spring-lang-3.1.xsd, http://camel.apache.org/schema/spring/camel-spring-2.11.2.xsd=camel-spring.xsd, http://camel.apache.org/schema/osgi/camel-osgi-2.10.1.xsd=camel-osgi.xsd, http://www.springframework.org/schema/beans/spring-beans-3.1.xsd=org/springframework/beans/factory/xml/spring-beans-3.1.xsd, http://camel.apache.org/schema/osgi/camel-osgi-2.11.1.xsd=camel-osgi.xsd, http://camel.apache.org/schema/osgi/camel-osgi-2.8.0.xsd=camel-osgi.xsd, http://camel.apache.org/schema/osgi/camel-osgi-2.9.0.xsd=camel-osgi.xsd, http://camel.apache.org/schema/cxf/camel-cxf-2.7.2.xsd=schema/cxfEndpoint.xsd, http://camel.apache.org/schema/spring/camel-spring-2.7.5.xsd=camel-spring.xsd, http://camel.apache.org/schema/spring/camel-spring.xsd=camel-spring.xsd, http://cxf.apache.org/schemas/wsdl/http-conf.xsd=schemas/wsdl/http-conf.xsd, http://camel.apache.org/schema/spring/camel-spring-2.0-M1.xsd=camel-spring.xsd, http://camel.apache.org/schema/osgi/camel-osgi-2.9.7.xsd=camel-osgi.xsd, http://camel.apache.org/schema/osgi/camel-osgi-2.5.0.xsd=camel-osgi.xsd, http://www.springframework.org/schema/util/spring-util-3.2.xsd=org/springframework/beans/factory/xml/spring-util-3.2.xsd, http://www.springframework.org/schema/tool/spring-tool-3.2.xsd=org/springframework/beans/factory/xml/spring-tool-3.2.xsd, http://cxf.apache.org/schemas/clustering.xsd=schemas/clustering.xsd, http://camel.apache.org/schema/osgi/camel-osgi-2.6.0.xsd=camel-osgi.xsd, http://camel.apache.org/schema/osgi/camel-osgi-2.7.0.xsd=camel-osgi.xsd, http://camel.apache.org/schema/spring/camel-spring-2.8.1.xsd=camel-spring.xsd, http://camel.apache.org/schema/osgi/camel-osgi-2.12.4.xsd=camel-osgi.xsd, http://camel.apache.org/schema/spring/camel-spring-2.9.1.xsd=camel-spring.xsd, http://camel.apache.org/schema/cxf/camel-cxf-2.8.5.xsd=schema/cxfEndpoint.xsd, http://camel.apache.org/schema/cxf/camel-cxf-2.10.4.xsd=schema/cxfEndpoint.xsd, http://camel.apache.org/schema/osgi/camel-osgi-2.3.0.xsd=camel-osgi.xsd, http://camel.apache.org/schema/cxf/camel-cxf-2.9.5.xsd=schema/cxfEndpoint.xsd, http://camel.apache.org/schema/cxf/camel-cxf-2.11.4.xsd=schema/cxfEndpoint.xsd, http://camel.apache.org/schema/spring/camel-spring-2.9.8.xsd=camel-spring.xsd, http://camel.apache.org/schema/osgi/camel-osgi-2.4.0.xsd=camel-osgi.xsd, http://camel.apache.org/schema/spring/camel-spring-2.10.5.xsd=camel-spring.xsd, http://camel.apache.org/schema/cxf/camel-cxf-2.12.4.xsd=schema/cxfEndpoint.xsd, http://www.springframework.org/schema/aop/spring-aop-2.0.xsd=org/springframework/aop/config/spring-aop-2.0.xsd, http://camel.apache.org/schema/osgi/camel-osgi-2.10.4.xsd=camel-osgi.xsd, http://camel.apache.org/schema/spring/camel-spring-2.7.1.xsd=camel-spring.xsd, http://www.springframework.org/schema/aop/spring-aop-3.0.xsd=org/springframework/aop/config/spring-aop-3.0.xsd, http://camel.apache.org/schema/osgi/camel-osgi-2.11.4.xsd=camel-osgi.xsd, http://camel.apache.org/schema/osgi/camel-osgi-2.8.3.xsd=camel-osgi.xsd, http://camel.apache.org/schema/osgi/camel-osgi-2.0.0.xsd=camel-osgi.xsd, http://camel.apache.org/schema/cxf/camel-cxf-2.0-M3.xsd=schema/cxfEndpoint.xsd, http://www.springframework.org/schema/jee/spring-jee.xsd=org/springframework/ejb/config/spring-jee-3.2.xsd, http://www.springframework.org/schema/cache/spring-cache.xsd=org/springframework/cache/config/spring-cache-3.2.xsd, http://docs.oasis-open.org/wss/2004/01/oasis-200401-wss-wssecurity-utility-1.0.xsd=schemas/oasis-200401-wss-wssecurity-utility-1.0.xsd, http://camel.apache.org/schema/osgi/camel-osgi-2.9.3.xsd=camel-osgi.xsd, http://camel.apache.org/schema/osgi/camel-osgi-2.1.0.xsd=camel-osgi.xsd, http://camel.apache.org/schema/cxf/camel-cxf-2.7.5.xsd=schema/cxfEndpoint.xsd, http://www.springframework.org/schema/task/spring-task.xsd=org/springframework/scheduling/config/spring-task-3.2.xsd, http://camel.apache.org/schema/cxf/camel-cxf-2.13.0.xsd=schema/cxfEndpoint.xsd, http://camel.apache.org/schema/osgi/camel-osgi-2.2.0.xsd=camel-osgi.xsd, http://schemas.xmlsoap.org/wsdl/=schemas/wsdl/wsdl.xsd, http://www.springframework.org/schema/aop/spring-aop.xsd=org/springframework/aop/config/spring-aop-3.2.xsd, http://www.springframework.org/schema/jee/spring-jee-3.2.xsd=org/springframework/ejb/config/spring-jee-3.2.xsd, http://camel.apache.org/schema/spring/camel-spring-2.12.1.xsd=camel-spring.xsd, http://camel.apache.org/schema/cxf/camel-cxf-2.14.0.xsd=schema/cxfEndpoint.xsd, http://www.springframework.org/schema/util/spring-util-2.5.xsd=org/springframework/beans/factory/xml/spring-util-2.5.xsd, http://www.springframework.org/schema/tool/spring-tool-2.5.xsd=org/springframework/beans/factory/xml/spring-tool-2.5.xsd, http://camel.apache.org/schema/osgi/camel-osgi-2.0-M3.xsd=camel-osgi.xsd, http://camel.apache.org/schema/spring/camel-spring-2.13.1.xsd=camel-spring.xsd, http://camel.apache.org/schema/osgi/camel-osgi-2.12.0.xsd=camel-osgi.xsd}
2015-07-10 14:48:42,982 [main] DEBUG org.springframework.beans.factory.xml.PluggableSchemaResolver - Found XML schema [http://www.springframework.org/schema/beans/spring-beans.xsd] in classpath: org/springframework/beans/factory/xml/spring-beans-3.2.xsd
2015-07-10 14:48:42,996 [main] DEBUG org.springframework.beans.factory.xml.PluggableSchemaResolver - Found XML schema [http://www.springframework.org/schema/context/spring-context.xsd] in classpath: org/springframework/context/config/spring-context-3.2.xsd
2015-07-10 14:48:43,001 [main] DEBUG org.springframework.beans.factory.xml.PluggableSchemaResolver - Found XML schema [http://www.springframework.org/schema/tool/spring-tool-3.2.xsd] in classpath: org/springframework/beans/factory/xml/spring-tool-3.2.xsd
2015-07-10 14:48:43,005 [main] DEBUG org.springframework.beans.factory.xml.PluggableSchemaResolver - Found XML schema [http://camel.apache.org/schema/cxf/camel-cxf.xsd] in classpath: schema/cxfEndpoint.xsd
2015-07-10 14:48:43,008 [main] DEBUG org.springframework.beans.factory.xml.PluggableSchemaResolver - Found XML schema [http://cxf.apache.org/schemas/configuration/cxf-beans.xsd] in classpath: schemas/configuration/cxf-beans.xsd
2015-07-10 14:48:43,013 [main] DEBUG org.springframework.beans.factory.xml.PluggableSchemaResolver - Found XML schema [http://camel.apache.org/schema/spring/camel-spring.xsd] in classpath: camel-spring.xsd
2015-07-10 14:48:43,052 [main] DEBUG org.springframework.beans.factory.xml.DefaultBeanDefinitionDocumentReader - Loading bean definitions
2015-07-10 14:48:43,057 [main] DEBUG org.springframework.beans.factory.xml.DefaultNamespaceHandlerResolver - Loaded NamespaceHandler mappings: {http://www.springframework.org/schema/task=org.springframework.scheduling.config.TaskNamespaceHandler, http://www.springframework.org/schema/p=org.springframework.beans.factory.xml.SimplePropertyNamespaceHandler, http://cxf.apache.org/transports/http-jetty/configuration=org.apache.cxf.transport.http_jetty.spring.NamespaceHandler, http://www.w3.org/2006/07/ws-policy=org.apache.cxf.ws.policy.spring.PolicyNamespaceHandler, http://www.springframework.org/schema/lang=org.springframework.scripting.config.LangNamespaceHandler, http://cxf.apache.org/transports/camel=org.apache.camel.component.cxf.transport.spring.NamespaceHandler, http://www.springframework.org/schema/util=org.springframework.beans.factory.xml.UtilNamespaceHandler, http://www.springframework.org/schema/c=org.springframework.beans.factory.xml.SimpleConstructorNamespaceHandler, http://cxf.apache.org/jaxws=org.apache.cxf.jaxws.spring.NamespaceHandler, http://camel.apache.org/schema/spring/v2.14=org.apache.camel.spring.handler.CamelNamespaceHandler, http://cxf.apache.org/policy=org.apache.cxf.ws.policy.spring.NamespaceHandler, http://cxf.apache.org/jaxrs-client=org.apache.cxf.jaxrs.client.spring.NamespaceHandler, http://www.springframework.org/schema/jee=org.springframework.ejb.config.JeeNamespaceHandler, http://cxf.apache.org/transports/http/configuration=org.apache.cxf.transport.http.spring.NamespaceHandler, http://www.springframework.org/schema/tx=org.springframework.transaction.config.TxNamespaceHandler, http://cxf.apache.org/ws/addressing=org.apache.cxf.ws.addressing.spring.NamespaceHandler, http://cxf.apache.org/clustering=org.apache.cxf.clustering.spring.NamespaceHandler, http://cxf.apache.org/simple=org.apache.cxf.frontend.spring.NamespaceHandler, http://www.springframework.org/schema/aop=org.springframework.aop.config.AopNamespaceHandler, http://cxf.apache.org/jaxrs=org.apache.cxf.jaxrs.spring.NamespaceHandler, http://cxf.apache.org/core=org.apache.cxf.bus.spring.NamespaceHandler, http://www.springframework.org/schema/context=org.springframework.context.config.ContextNamespaceHandler, http://schemas.xmlsoap.org/ws/2004/09/policy=org.apache.cxf.ws.policy.spring.PolicyNamespaceHandler, http://www.springframework.org/schema/cache=org.springframework.cache.config.CacheNamespaceHandler, http://camel.apache.org/schema/cxf=org.apache.camel.component.cxf.spring.NamespaceHandler, http://www.w3.org/ns/ws-policy=org.apache.cxf.ws.policy.spring.PolicyNamespaceHandler, http://camel.apache.org/schema/osgi=org.apache.camel.osgi.CamelNamespaceHandler, http://camel.apache.org/schema/spring=org.apache.camel.spring.handler.CamelNamespaceHandler, http://cxf.apache.org/bindings/soap=org.apache.cxf.binding.soap.spring.NamespaceHandler}
2015-07-10 14:48:43,058 [main] DEBUG org.springframework.context.annotation.ClassPathBeanDefinitionScanner - JSR-250 &apos;javax.annotation.ManagedBean&apos; found and supported for component scanning
2015-07-10 14:48:43,059 [main] DEBUG org.springframework.core.io.support.PathMatchingResourcePatternResolver - Looking for matching resources in directory tree [/home/armel/workspace/adapter/target/test-classes/com/zenika]
2015-07-10 14:48:43,059 [main] DEBUG org.springframework.core.io.support.PathMatchingResourcePatternResolver - Searching directory [/home/armel/workspace/adapter/target/test-classes/com/zenika] for files matching pattern [/home/armel/workspace/adapter/target/test-classes/com/zenika/**/*.class]
2015-07-10 14:48:43,060 [main] DEBUG org.springframework.core.io.support.PathMatchingResourcePatternResolver - Searching directory [/home/armel/workspace/adapter/target/test-classes/com/zenika/user] for files matching pattern [/home/armel/workspace/adapter/target/test-classes/com/zenika/**/*.class]
2015-07-10 14:48:43,061 [main] DEBUG org.springframework.core.io.support.PathMatchingResourcePatternResolver - Searching directory [/home/armel/workspace/adapter/target/test-classes/com/zenika/user/routes] for files matching pattern [/home/armel/workspace/adapter/target/test-classes/com/zenika/**/*.class]
2015-07-10 14:48:43,061 [main] DEBUG org.springframework.core.io.support.PathMatchingResourcePatternResolver - Looking for matching resources in directory tree [/home/armel/workspace/adapter/target/classes/com/zenika]
2015-07-10 14:48:43,061 [main] DEBUG org.springframework.core.io.support.PathMatchingResourcePatternResolver - Searching directory [/home/armel/workspace/adapter/target/classes/com/zenika] for files matching pattern [/home/armel/workspace/adapter/target/classes/com/zenika/**/*.class]
2015-07-10 14:48:43,061 [main] DEBUG org.springframework.core.io.support.PathMatchingResourcePatternResolver - Searching directory [/home/armel/workspace/adapter/target/classes/com/zenika/user] for files matching pattern [/home/armel/workspace/adapter/target/classes/com/zenika/**/*.class]
2015-07-10 14:48:43,062 [main] DEBUG org.springframework.core.io.support.PathMatchingResourcePatternResolver - Searching directory [/home/armel/workspace/adapter/target/classes/com/zenika/user/soapservice] for files matching pattern [/home/armel/workspace/adapter/target/classes/com/zenika/**/*.class]
2015-07-10 14:48:43,062 [main] DEBUG org.springframework.core.io.support.PathMatchingResourcePatternResolver - Searching directory [/home/armel/workspace/adapter/target/classes/com/zenika/user/restserver] for files matching pattern [/home/armel/workspace/adapter/target/classes/com/zenika/**/*.class]
2015-07-10 14:48:43,063 [main] DEBUG org.springframework.core.io.support.PathMatchingResourcePatternResolver - Searching directory [/home/armel/workspace/adapter/target/classes/com/zenika/user/routes] for files matching pattern [/home/armel/workspace/adapter/target/classes/com/zenika/**/*.class]
2015-07-10 14:48:43,065 [main] DEBUG org.springframework.core.io.support.PathMatchingResourcePatternResolver - Searching directory [/home/armel/workspace/adapter/target/classes/com/zenika/user/restservice] for files matching pattern [/home/armel/workspace/adapter/target/classes/com/zenika/**/*.class]
2015-07-10 14:48:43,066 [main] DEBUG org.springframework.core.io.support.PathMatchingResourcePatternResolver - Resolved location pattern [classpath*:com/zenika/**/*.class] to resources [file [/home/armel/workspace/adapter/target/test-classes/com/zenika/user/routes/AdapterRouteTest.class], file [/home/armel/workspace/adapter/target/test-classes/com/zenika/user/routes/BasicIntegrationTest.class], file [/home/armel/workspace/adapter/target/classes/com/zenika/MainApp.class], file [/home/armel/workspace/adapter/target/classes/com/zenika/user/soapservice/GetAllUsersResponse.class], file [/home/armel/workspace/adapter/target/classes/com/zenika/user/soapservice/GetUserRequest.class], file [/home/armel/workspace/adapter/target/classes/com/zenika/user/soapservice/User.class], file [/home/armel/workspace/adapter/target/classes/com/zenika/user/soapservice/Address.class], file [/home/armel/workspace/adapter/target/classes/com/zenika/user/soapservice/UserEndpoint.class], file [/home/armel/workspace/adapter/target/classes/com/zenika/user/soapservice/UserService.class], file [/home/armel/workspace/adapter/target/classes/com/zenika/user/soapservice/package-info.class], file [/home/armel/workspace/adapter/target/classes/com/zenika/user/soapservice/ObjectFactory.class], file [/home/armel/workspace/adapter/target/classes/com/zenika/user/soapservice/GetAllUsersRequest.class], file [/home/armel/workspace/adapter/target/classes/com/zenika/user/soapservice/GetUserResponse.class], file [/home/armel/workspace/adapter/target/classes/com/zenika/user/soapservice/GetUserException.class], file [/home/armel/workspace/adapter/target/classes/com/zenika/user/restserver/UserResource.class], file [/home/armel/workspace/adapter/target/classes/com/zenika/user/restserver/ServerRoute$2.class], file [/home/armel/workspace/adapter/target/classes/com/zenika/user/restserver/ServerRoute.class], file [/home/armel/workspace/adapter/target/classes/com/zenika/user/restserver/ServerRoute$1.class], file [/home/armel/workspace/adapter/target/classes/com/zenika/user/routes/GetUserRoute$2.class], file [/home/armel/workspace/adapter/target/classes/com/zenika/user/routes/GetAllUsersRoute.class], file [/home/armel/workspace/adapter/target/classes/com/zenika/user/routes/CheatGetAllUserProcessor.class], file [/home/armel/workspace/adapter/target/classes/com/zenika/user/routes/GetUserRoute.class], file [/home/armel/workspace/adapter/target/classes/com/zenika/user/routes/CheatGetUserProcessor.class], file [/home/armel/workspace/adapter/target/classes/com/zenika/user/routes/GetAllUsersRoute$1.class], file [/home/armel/workspace/adapter/target/classes/com/zenika/user/routes/UserTransformer.class], file [/home/armel/workspace/adapter/target/classes/com/zenika/user/routes/GetUserRoute$1.class], file [/home/armel/workspace/adapter/target/classes/com/zenika/user/routes/AdapterRoute.class], file [/home/armel/workspace/adapter/target/classes/com/zenika/user/restservice/User.class], file [/home/armel/workspace/adapter/target/classes/com/zenika/user/restservice/Address.class], file [/home/armel/workspace/adapter/target/classes/com/zenika/user/restservice/UserService.class], file [/home/armel/workspace/adapter/target/classes/com/zenika/user/restservice/UnkownUserException.class]]
2015-07-10 14:48:43,076 [main] DEBUG org.springframework.context.annotation.ClassPathBeanDefinitionScanner - Identified candidate component class: file [/home/armel/workspace/adapter/target/classes/com/zenika/user/routes/UserTransformer.class]
2015-07-10 14:48:43,191 [main] DEBUG org.springframework.beans.factory.xml.BeanDefinitionParserDelegate - Neither XML &apos;id&apos; nor &apos;name&apos; specified - using generated bean name [org.apache.cxf.interceptor.LoggingOutInterceptor#1ac45389]
2015-07-10 14:48:43,364 [main] DEBUG org.springframework.beans.factory.xml.BeanDefinitionParserDelegate - Neither XML &apos;id&apos; nor &apos;name&apos; specified - using generated bean name [org.springframework.beans.factory.config.PropertyPlaceholderConfigurer#0]
2015-07-10 14:48:43,364 [main] DEBUG org.springframework.beans.factory.xml.XmlBeanDefinitionReader - Loaded 15 bean definitions from location pattern [classpath:/META-INF/spring/test-integration-context.xml]
14:48:43 [main] INFO  o.a.c.t.s.CamelSpringTestContextLoader - Disabling Camel JMX globally for tests by default.  Use the DisableJMX annotation to override the default setting.
2015-07-10 14:48:43,365 [main] INFO  org.springframework.context.support.GenericApplicationContext - Refreshing org.springframework.context.support.GenericApplicationContext@15d0849: startup date [Fri Jul 10 14:48:43 CEST 2015]; root of context hierarchy
2015-07-10 14:48:43,365 [main] DEBUG org.springframework.context.support.GenericApplicationContext - Bean factory for org.springframework.context.support.GenericApplicationContext@15d0849: org.springframework.beans.factory.support.DefaultListableBeanFactory@48eb9836: defining beans [userTransformer,org.springframework.context.annotation.internalConfigurationAnnotationProcessor,org.springframework.context.annotation.internalAutowiredAnnotationProcessor,org.springframework.context.annotation.internalRequiredAnnotationProcessor,org.springframework.context.annotation.internalCommonAnnotationProcessor,soapUserEndpoint,restUserClient,template,consumerTemplate,camel:beanPostProcessor,camel,restUserServer,jsonProvider,jsonListUserFormat,org.springframework.beans.factory.config.PropertyPlaceholderConfigurer#0]; root of factory hierarchy
2015-07-10 14:48:43,369 [main] DEBUG org.springframework.beans.factory.support.DefaultListableBeanFactory - Creating shared instance of singleton bean &apos;org.springframework.context.annotation.internalConfigurationAnnotationProcessor&apos;
2015-07-10 14:48:43,370 [main] DEBUG org.springframework.beans.factory.support.DefaultListableBeanFactory - Creating instance of bean &apos;org.springframework.context.annotation.internalConfigurationAnnotationProcessor&apos;
2015-07-10 14:48:43,370 [main] DEBUG org.springframework.beans.factory.support.DefaultListableBeanFactory - Eagerly caching bean &apos;org.springframework.context.annotation.internalConfigurationAnnotationProcessor&apos; to allow for resolving potential circular references
2015-07-10 14:48:43,370 [main] DEBUG org.springframework.beans.factory.support.DefaultListableBeanFactory - Finished creating instance of bean &apos;org.springframework.context.annotation.internalConfigurationAnnotationProcessor&apos;
2015-07-10 14:48:43,411 [main] DEBUG org.springframework.beans.factory.support.DefaultListableBeanFactory - Creating shared instance of singleton bean &apos;org.springframework.beans.factory.config.PropertyPlaceholderConfigurer#0&apos;
2015-07-10 14:48:43,411 [main] DEBUG org.springframework.beans.factory.support.DefaultListableBeanFactory - Creating instance of bean &apos;org.springframework.beans.factory.config.PropertyPlaceholderConfigurer#0&apos;
2015-07-10 14:48:43,412 [main] DEBUG org.springframework.beans.factory.support.DefaultListableBeanFactory - Eagerly caching bean &apos;org.springframework.beans.factory.config.PropertyPlaceholderConfigurer#0&apos; to allow for resolving potential circular references
2015-07-10 14:48:43,412 [main] DEBUG org.springframework.beans.factory.support.DefaultListableBeanFactory - Finished creating instance of bean &apos;org.springframework.beans.factory.config.PropertyPlaceholderConfigurer#0&apos;
2015-07-10 14:48:43,413 [main] INFO  org.springframework.beans.factory.config.PropertyPlaceholderConfigurer - Loading properties file from class path resource [application.properties]
2015-07-10 14:48:43,414 [main] DEBUG org.springframework.beans.factory.support.DefaultListableBeanFactory - Creating shared instance of singleton bean &apos;org.springframework.context.annotation.internalAutowiredAnnotationProcessor&apos;
2015-07-10 14:48:43,414 [main] DEBUG org.springframework.beans.factory.support.DefaultListableBeanFactory - Creating instance of bean &apos;org.springframework.context.annotation.internalAutowiredAnnotationProcessor&apos;
2015-07-10 14:48:43,415 [main] DEBUG org.springframework.beans.factory.support.DefaultListableBeanFactory - Eagerly caching bean &apos;org.springframework.context.annotation.internalAutowiredAnnotationProcessor&apos; to allow for resolving potential circular references
2015-07-10 14:48:43,416 [main] DEBUG org.springframework.beans.factory.support.DefaultListableBeanFactory - Finished creating instance of bean &apos;org.springframework.context.annotation.internalAutowiredAnnotationProcessor&apos;
2015-07-10 14:48:43,416 [main] DEBUG org.springframework.beans.factory.support.DefaultListableBeanFactory - Creating shared instance of singleton bean &apos;org.springframework.context.annotation.internalRequiredAnnotationProcessor&apos;
2015-07-10 14:48:43,416 [main] DEBUG org.springframework.beans.factory.support.DefaultListableBeanFactory - Creating instance of bean &apos;org.springframework.context.annotation.internalRequiredAnnotationProcessor&apos;
2015-07-10 14:48:43,416 [main] DEBUG org.springframework.beans.factory.support.DefaultListableBeanFactory - Eagerly caching bean &apos;org.springframework.context.annotation.internalRequiredAnnotationProcessor&apos; to allow for resolving potential circular references
2015-07-10 14:48:43,416 [main] DEBUG org.springframework.beans.factory.support.DefaultListableBeanFactory - Finished creating instance of bean &apos;org.springframework.context.annotation.internalRequiredAnnotationProcessor&apos;
2015-07-10 14:48:43,417 [main] DEBUG org.springframework.beans.factory.support.DefaultListableBeanFactory - Creating shared instance of singleton bean &apos;org.springframework.context.annotation.internalCommonAnnotationProcessor&apos;
2015-07-10 14:48:43,417 [main] DEBUG org.springframework.beans.factory.support.DefaultListableBeanFactory - Creating instance of bean &apos;org.springframework.context.annotation.internalCommonAnnotationProcessor&apos;
2015-07-10 14:48:43,417 [main] DEBUG org.springframework.beans.factory.support.DefaultListableBeanFactory - Eagerly caching bean &apos;org.springframework.context.annotation.internalCommonAnnotationProcessor&apos; to allow for resolving potential circular references
2015-07-10 14:48:43,417 [main] DEBUG org.springframework.beans.factory.support.DefaultListableBeanFactory - Finished creating instance of bean &apos;org.springframework.context.annotation.internalCommonAnnotationProcessor&apos;
2015-07-10 14:48:43,417 [main] DEBUG org.springframework.beans.factory.support.DefaultListableBeanFactory - Creating shared instance of singleton bean &apos;org.springframework.context.annotation.ConfigurationClassPostProcessor.importAwareProcessor&apos;
2015-07-10 14:48:43,417 [main] DEBUG org.springframework.beans.factory.support.DefaultListableBeanFactory - Creating instance of bean &apos;org.springframework.context.annotation.ConfigurationClassPostProcessor.importAwareProcessor&apos;
2015-07-10 14:48:43,418 [main] DEBUG org.springframework.beans.factory.support.DefaultListableBeanFactory - Eagerly caching bean &apos;org.springframework.context.annotation.ConfigurationClassPostProcessor.importAwareProcessor&apos; to allow for resolving potential circular references
2015-07-10 14:48:43,418 [main] DEBUG org.springframework.beans.factory.support.DefaultListableBeanFactory - Finished creating instance of bean &apos;org.springframework.context.annotation.ConfigurationClassPostProcessor.importAwareProcessor&apos;
2015-07-10 14:48:43,418 [main] DEBUG org.springframework.beans.factory.support.DefaultListableBeanFactory - Creating shared instance of singleton bean &apos;camel:beanPostProcessor&apos;
2015-07-10 14:48:43,418 [main] DEBUG org.springframework.beans.factory.support.DefaultListableBeanFactory - Creating instance of bean &apos;camel:beanPostProcessor&apos;
2015-07-10 14:48:43,418 [main] DEBUG org.springframework.beans.factory.support.DefaultListableBeanFactory - Eagerly caching bean &apos;camel:beanPostProcessor&apos; to allow for resolving potential circular references
2015-07-10 14:48:43,419 [main] DEBUG org.springframework.beans.factory.support.DefaultListableBeanFactory - Finished creating instance of bean &apos;camel:beanPostProcessor&apos;
2015-07-10 14:48:43,419 [main] DEBUG org.springframework.context.support.GenericApplicationContext - Unable to locate MessageSource with name &apos;messageSource&apos;: using default [org.springframework.context.support.DelegatingMessageSource@102efc59]
2015-07-10 14:48:43,420 [main] DEBUG org.springframework.context.support.GenericApplicationContext - Unable to locate ApplicationEventMulticaster with name &apos;applicationEventMulticaster&apos;: using default [org.springframework.context.event.SimpleApplicationEventMulticaster@3936df72]
2015-07-10 14:48:43,421 [main] INFO  org.springframework.beans.factory.support.DefaultListableBeanFactory - Pre-instantiating singletons in org.springframework.beans.factory.support.DefaultListableBeanFactory@48eb9836: defining beans [userTransformer,org.springframework.context.annotation.internalConfigurationAnnotationProcessor,org.springframework.context.annotation.internalAutowiredAnnotationProcessor,org.springframework.context.annotation.internalRequiredAnnotationProcessor,org.springframework.context.annotation.internalCommonAnnotationProcessor,soapUserEndpoint,restUserClient,template,consumerTemplate,camel:beanPostProcessor,camel,restUserServer,jsonProvider,jsonListUserFormat,org.springframework.beans.factory.config.PropertyPlaceholderConfigurer#0,org.springframework.context.annotation.ConfigurationClassPostProcessor.importAwareProcessor]; root of factory hierarchy
2015-07-10 14:48:43,421 [main] DEBUG org.springframework.beans.factory.support.DefaultListableBeanFactory - Creating shared instance of singleton bean &apos;userTransformer&apos;
2015-07-10 14:48:43,421 [main] DEBUG org.springframework.beans.factory.support.DefaultListableBeanFactory - Creating instance of bean &apos;userTransformer&apos;
2015-07-10 14:48:43,422 [main] DEBUG org.springframework.beans.factory.support.DefaultListableBeanFactory - Eagerly caching bean &apos;userTransformer&apos; to allow for resolving potential circular references
2015-07-10 14:48:43,422 [main] DEBUG org.springframework.beans.factory.support.DefaultListableBeanFactory - Finished creating instance of bean &apos;userTransformer&apos;
2015-07-10 14:48:43,422 [main] DEBUG org.springframework.beans.factory.support.DefaultListableBeanFactory - Returning cached instance of singleton bean &apos;org.springframework.context.annotation.internalConfigurationAnnotationProcessor&apos;
2015-07-10 14:48:43,422 [main] DEBUG org.springframework.beans.factory.support.DefaultListableBeanFactory - Returning cached instance of singleton bean &apos;org.springframework.context.annotation.internalAutowiredAnnotationProcessor&apos;
2015-07-10 14:48:43,423 [main] DEBUG org.springframework.beans.factory.support.DefaultListableBeanFactory - Returning cached instance of singleton bean &apos;org.springframework.context.annotation.internalRequiredAnnotationProcessor&apos;
2015-07-10 14:48:43,423 [main] DEBUG org.springframework.beans.factory.support.DefaultListableBeanFactory - Returning cached instance of singleton bean &apos;org.springframework.context.annotation.internalCommonAnnotationProcessor&apos;
2015-07-10 14:48:43,424 [main] DEBUG org.springframework.beans.factory.support.DefaultListableBeanFactory - Creating shared instance of singleton bean &apos;template&apos;
2015-07-10 14:48:43,425 [main] DEBUG org.springframework.beans.factory.support.DefaultListableBeanFactory - Creating instance of bean &apos;template&apos;
2015-07-10 14:48:43,425 [main] DEBUG org.springframework.beans.factory.support.DefaultListableBeanFactory - Eagerly caching bean &apos;template&apos; to allow for resolving potential circular references
2015-07-10 14:48:43,426 [main] DEBUG org.springframework.beans.factory.support.DefaultListableBeanFactory - Creating shared instance of singleton bean &apos;camel&apos;
2015-07-10 14:48:43,426 [main] DEBUG org.springframework.beans.factory.support.DefaultListableBeanFactory - Creating instance of bean &apos;camel&apos;
2015-07-10 14:48:43,427 [main] DEBUG org.springframework.beans.factory.support.DefaultListableBeanFactory - Eagerly caching bean &apos;camel&apos; to allow for resolving potential circular references
2015-07-10 14:48:43,429 [main] DEBUG org.springframework.beans.factory.support.DefaultListableBeanFactory - Returning cached instance of singleton bean &apos;camel:beanPostProcessor&apos;
2015-07-10 14:48:43,430 [main] DEBUG org.springframework.beans.factory.support.DefaultListableBeanFactory - Invoking afterPropertiesSet() on bean with name &apos;camel&apos;
2015-07-10 14:48:43,430 [main] DEBUG org.springframework.beans.factory.support.DefaultListableBeanFactory - Returning eagerly cached instance of singleton bean &apos;template&apos; that is not fully initialized yet - a consequence of a circular reference
2015-07-10 14:48:43,431 [main] DEBUG org.springframework.beans.factory.support.DefaultListableBeanFactory - Returning eagerly cached instance of singleton bean &apos;camel&apos; that is not fully initialized yet - a consequence of a circular reference
2015-07-10 14:48:43,433 [main] DEBUG org.springframework.beans.factory.support.DefaultListableBeanFactory - Finished creating instance of bean &apos;camel&apos;
2015-07-10 14:48:43,433 [main] DEBUG org.springframework.beans.factory.support.DefaultListableBeanFactory - Invoking afterPropertiesSet() on bean with name &apos;template&apos;
2015-07-10 14:48:43,433 [main] DEBUG org.springframework.beans.factory.support.DefaultListableBeanFactory - Finished creating instance of bean &apos;template&apos;
2015-07-10 14:48:43,434 [main] DEBUG org.springframework.beans.factory.support.DefaultListableBeanFactory - Creating shared instance of singleton bean &apos;consumerTemplate&apos;
2015-07-10 14:48:43,434 [main] DEBUG org.springframework.beans.factory.support.DefaultListableBeanFactory - Creating instance of bean &apos;consumerTemplate&apos;
2015-07-10 14:48:43,434 [main] DEBUG org.springframework.beans.factory.support.DefaultListableBeanFactory - Eagerly caching bean &apos;consumerTemplate&apos; to allow for resolving potential circular references
2015-07-10 14:48:43,434 [main] DEBUG org.springframework.beans.factory.support.DefaultListableBeanFactory - Invoking afterPropertiesSet() on bean with name &apos;consumerTemplate&apos;
2015-07-10 14:48:43,434 [main] DEBUG org.springframework.beans.factory.support.DefaultListableBeanFactory - Finished creating instance of bean &apos;consumerTemplate&apos;
2015-07-10 14:48:43,435 [main] DEBUG org.springframework.beans.factory.support.DefaultListableBeanFactory - Returning cached instance of singleton bean &apos;camel:beanPostProcessor&apos;
2015-07-10 14:48:43,435 [main] DEBUG org.springframework.beans.factory.support.DefaultListableBeanFactory - Returning cached instance of singleton bean &apos;camel&apos;
2015-07-10 14:48:43,435 [main] DEBUG org.springframework.beans.factory.support.DefaultListableBeanFactory - Creating shared instance of singleton bean &apos;jsonProvider&apos;
2015-07-10 14:48:43,435 [main] DEBUG org.springframework.beans.factory.support.DefaultListableBeanFactory - Creating instance of bean &apos;jsonProvider&apos;
2015-07-10 14:48:43,455 [main] DEBUG org.springframework.beans.factory.support.DefaultListableBeanFactory - Eagerly caching bean &apos;jsonProvider&apos; to allow for resolving potential circular references
2015-07-10 14:48:43,467 [main] DEBUG org.springframework.beans.factory.support.DefaultListableBeanFactory - Finished creating instance of bean &apos;jsonProvider&apos;
2015-07-10 14:48:43,468 [main] DEBUG org.springframework.beans.factory.support.DefaultListableBeanFactory - Creating shared instance of singleton bean &apos;jsonListUserFormat&apos;
2015-07-10 14:48:43,468 [main] DEBUG org.springframework.beans.factory.support.DefaultListableBeanFactory - Creating instance of bean &apos;jsonListUserFormat&apos;
2015-07-10 14:48:43,468 [main] DEBUG org.springframework.beans.factory.support.DefaultListableBeanFactory - Eagerly caching bean &apos;jsonListUserFormat&apos; to allow for resolving potential circular references
2015-07-10 14:48:43,469 [main] DEBUG org.springframework.beans.factory.support.DefaultListableBeanFactory - Finished creating instance of bean &apos;jsonListUserFormat&apos;
2015-07-10 14:48:43,469 [main] DEBUG org.springframework.beans.factory.support.DefaultListableBeanFactory - Returning cached instance of singleton bean &apos;org.springframework.beans.factory.config.PropertyPlaceholderConfigurer#0&apos;
2015-07-10 14:48:43,469 [main] DEBUG org.springframework.beans.factory.support.DefaultListableBeanFactory - Returning cached instance of singleton bean &apos;org.springframework.context.annotation.ConfigurationClassPostProcessor.importAwareProcessor&apos;
2015-07-10 14:48:43,469 [main] DEBUG org.springframework.context.support.GenericApplicationContext - Unable to locate LifecycleProcessor with name &apos;lifecycleProcessor&apos;: using default [org.springframework.context.support.DefaultLifecycleProcessor@6f139fc9]
2015-07-10 14:48:43,470 [main] DEBUG org.springframework.beans.factory.support.DefaultListableBeanFactory - Returning cached instance of singleton bean &apos;lifecycleProcessor&apos;
2015-07-10 14:48:43,470 [main] DEBUG org.springframework.beans.factory.support.DefaultListableBeanFactory - Returning cached instance of singleton bean &apos;camel&apos;
2015-07-10 14:48:43,473 [main] DEBUG org.springframework.beans.factory.support.DefaultListableBeanFactory - Creating instance of bean &apos;com.zenika.user.routes.GetAllUsersRoute&apos;
2015-07-10 14:48:43,474 [main] DEBUG org.springframework.beans.factory.annotation.InjectionMetadata - Registered injected element on class [com.zenika.user.routes.GetAllUsersRoute]: AutowiredFieldElement for private java.lang.String com.zenika.user.routes.GetAllUsersRoute.endpointRestUserClient
2015-07-10 14:48:43,475 [main] DEBUG org.springframework.beans.factory.annotation.InjectionMetadata - Registered injected element on class [com.zenika.user.routes.GetAllUsersRoute]: AutowiredFieldElement for private org.apache.camel.spi.DataFormat com.zenika.user.routes.GetAllUsersRoute.jsonListUserFormat
2015-07-10 14:48:43,475 [main] DEBUG org.springframework.beans.factory.annotation.InjectionMetadata - Processing injected method of bean &apos;com.zenika.user.routes.GetAllUsersRoute&apos;: AutowiredFieldElement for private java.lang.String com.zenika.user.routes.GetAllUsersRoute.endpointRestUserClient
2015-07-10 14:48:43,475 [main] DEBUG org.springframework.beans.factory.annotation.InjectionMetadata - Processing injected method of bean &apos;com.zenika.user.routes.GetAllUsersRoute&apos;: AutowiredFieldElement for private org.apache.camel.spi.DataFormat com.zenika.user.routes.GetAllUsersRoute.jsonListUserFormat
2015-07-10 14:48:43,477 [main] DEBUG org.springframework.beans.factory.support.DefaultListableBeanFactory - Returning cached instance of singleton bean &apos;jsonListUserFormat&apos;
2015-07-10 14:48:43,477 [main] DEBUG org.springframework.beans.factory.annotation.AutowiredAnnotationBeanPostProcessor - Autowiring by type from bean name &apos;com.zenika.user.routes.GetAllUsersRoute&apos; to bean named &apos;jsonListUserFormat&apos;
2015-07-10 14:48:43,478 [main] DEBUG org.springframework.beans.factory.support.DefaultListableBeanFactory - Finished creating instance of bean &apos;com.zenika.user.routes.GetAllUsersRoute&apos;
2015-07-10 14:48:43,478 [main] DEBUG org.springframework.beans.factory.support.DefaultListableBeanFactory - Creating instance of bean &apos;com.zenika.user.routes.GetUserRoute&apos;
2015-07-10 14:48:43,479 [main] DEBUG org.springframework.beans.factory.annotation.InjectionMetadata - Registered injected element on class [com.zenika.user.routes.GetUserRoute]: AutowiredFieldElement for private java.lang.String com.zenika.user.routes.GetUserRoute.endpointRestUserClient
2015-07-10 14:48:43,480 [main] DEBUG org.springframework.beans.factory.annotation.InjectionMetadata - Processing injected method of bean &apos;com.zenika.user.routes.GetUserRoute&apos;: AutowiredFieldElement for private java.lang.String com.zenika.user.routes.GetUserRoute.endpointRestUserClient
2015-07-10 14:48:43,480 [main] DEBUG org.springframework.beans.factory.support.DefaultListableBeanFactory - Finished creating instance of bean &apos;com.zenika.user.routes.GetUserRoute&apos;
2015-07-10 14:48:43,481 [main] DEBUG org.springframework.beans.factory.support.DefaultListableBeanFactory - Creating instance of bean &apos;com.zenika.user.routes.AdapterRoute&apos;
2015-07-10 14:48:43,482 [main] DEBUG org.springframework.beans.factory.annotation.InjectionMetadata - Registered injected element on class [com.zenika.user.routes.AdapterRoute]: AutowiredFieldElement for private java.lang.String com.zenika.user.routes.AdapterRoute.endpointSoapUserService
2015-07-10 14:48:43,487 [main] DEBUG org.springframework.beans.factory.annotation.InjectionMetadata - Processing injected method of bean &apos;com.zenika.user.routes.AdapterRoute&apos;: AutowiredFieldElement for private java.lang.String com.zenika.user.routes.AdapterRoute.endpointSoapUserService
2015-07-10 14:48:43,487 [main] DEBUG org.springframework.beans.factory.support.DefaultListableBeanFactory - Finished creating instance of bean &apos;com.zenika.user.routes.AdapterRoute&apos;
2015-07-10 14:48:43,488 [main] DEBUG org.springframework.beans.factory.support.DefaultListableBeanFactory - Creating instance of bean &apos;com.zenika.user.restserver.ServerRoute&apos;
2015-07-10 14:48:43,489 [main] DEBUG org.springframework.beans.factory.annotation.InjectionMetadata - Registered injected element on class [com.zenika.user.restserver.ServerRoute]: AutowiredFieldElement for private java.lang.String com.zenika.user.restserver.ServerRoute.endpointRestUserServer
2015-07-10 14:48:43,497 [main] DEBUG org.springframework.beans.factory.annotation.InjectionMetadata - Processing injected method of bean &apos;com.zenika.user.restserver.ServerRoute&apos;: AutowiredFieldElement for private java.lang.String com.zenika.user.restserver.ServerRoute.endpointRestUserServer
2015-07-10 14:48:43,497 [main] DEBUG org.springframework.beans.factory.support.DefaultListableBeanFactory - Finished creating instance of bean &apos;com.zenika.user.restserver.ServerRoute&apos;
2015-07-10 14:48:43,499 [main] DEBUG org.springframework.core.env.PropertySourcesPropertyResolver - Searching for key &apos;spring.liveBeansView.mbeanDomain&apos; in [systemProperties]
2015-07-10 14:48:43,499 [main] DEBUG org.springframework.core.env.PropertySourcesPropertyResolver - Searching for key &apos;spring.liveBeansView.mbeanDomain&apos; in [systemEnvironment]
2015-07-10 14:48:43,499 [main] DEBUG org.springframework.core.env.PropertySourcesPropertyResolver - Could not find key &apos;spring.liveBeansView.mbeanDomain&apos; in any property source. Returning [null]
2015-07-10 14:48:43,500 [main] DEBUG org.springframework.beans.factory.support.DefaultListableBeanFactory - Returning cached instance of singleton bean &apos;camel&apos;
14:48:43 [main] INFO  o.a.c.t.s.CamelSpringTestContextLoader - Setting shutdown timeout to [10 SECONDS] on CamelContext with name [camel].
2015-07-10 14:48:43,501 [main] DEBUG org.springframework.beans.factory.support.DefaultListableBeanFactory - Returning cached instance of singleton bean &apos;camel&apos;
14:48:43 [main] INFO  o.a.c.t.s.CamelSpringTestContextLoader - Enabling lazy loading of type converters on CamelContext with name [camel].
2015-07-10 14:48:43,501 [main] DEBUG org.springframework.beans.factory.support.DefaultListableBeanFactory - Returning cached instance of singleton bean &apos;camel&apos;
14:48:43 [main] INFO  o.a.c.t.s.CamelSpringTestContextLoader - Starting CamelContext with name [camel].
14:48:43 [main] INFO  o.a.camel.spring.SpringCamelContext - Apache Camel 2.14.0 (CamelContext: camel) is starting
14:48:43 [main] INFO  o.a.c.m.DefaultManagementStrategy - JMX is disabled
2015-07-10 14:48:43,506 [main] DEBUG org.springframework.beans.factory.support.DefaultListableBeanFactory - Creating instance of bean &apos;org.apache.camel.component.direct.DirectComponent&apos;
2015-07-10 14:48:43,508 [main] DEBUG org.springframework.beans.factory.support.DefaultListableBeanFactory - Finished creating instance of bean &apos;org.apache.camel.component.direct.DirectComponent&apos;
2015-07-10 14:48:43,510 [main] DEBUG org.springframework.beans.factory.support.DefaultListableBeanFactory - Creating instance of bean &apos;org.apache.camel.component.log.LogComponent&apos;
2015-07-10 14:48:43,511 [main] DEBUG org.springframework.beans.factory.support.DefaultListableBeanFactory - Finished creating instance of bean &apos;org.apache.camel.component.log.LogComponent&apos;
2015-07-10 14:48:43,516 [main] DEBUG org.springframework.beans.factory.support.DefaultListableBeanFactory - Creating instance of bean &apos;org.apache.camel.language.simple.SimpleLanguage&apos;
2015-07-10 14:48:43,518 [main] DEBUG org.springframework.beans.factory.support.DefaultListableBeanFactory - Finished creating instance of bean &apos;org.apache.camel.language.simple.SimpleLanguage&apos;
2015-07-10 14:48:43,522 [main] DEBUG org.springframework.beans.factory.support.DefaultListableBeanFactory - Returning cached instance of singleton bean &apos;userTransformer&apos;
2015-07-10 14:48:43,522 [main] DEBUG org.springframework.beans.factory.support.DefaultListableBeanFactory - Creating instance of bean &apos;org.apache.camel.component.bean.BeanComponent&apos;
2015-07-10 14:48:43,527 [main] DEBUG org.springframework.beans.factory.support.DefaultListableBeanFactory - Finished creating instance of bean &apos;org.apache.camel.component.bean.BeanComponent&apos;
2015-07-10 14:48:43,533 [main] DEBUG org.springframework.beans.factory.support.DefaultListableBeanFactory - Creating instance of bean &apos;org.apache.camel.converter.jaxb.FallbackTypeConverter&apos;
2015-07-10 14:48:43,535 [main] DEBUG org.springframework.beans.factory.support.DefaultListableBeanFactory - Finished creating instance of bean &apos;org.apache.camel.converter.jaxb.FallbackTypeConverter&apos;
2015-07-10 14:48:43,540 [main] DEBUG org.springframework.beans.factory.support.DefaultListableBeanFactory - Creating instance of bean &apos;org.apache.camel.converter.jaxb.JaxbDataFormat&apos;
2015-07-10 14:48:43,543 [main] DEBUG org.springframework.beans.factory.support.DefaultListableBeanFactory - Finished creating instance of bean &apos;org.apache.camel.converter.jaxb.JaxbDataFormat&apos;
2015-07-10 14:48:43,555 [main] DEBUG org.springframework.beans.factory.support.DefaultListableBeanFactory - Returning cached instance of singleton bean &apos;userTransformer&apos;
2015-07-10 14:48:43,560 [main] DEBUG org.springframework.beans.factory.support.DefaultListableBeanFactory - Creating instance of bean &apos;org.apache.camel.language.xpath.XPathLanguage&apos;
2015-07-10 14:48:43,561 [main] DEBUG org.springframework.beans.factory.support.DefaultListableBeanFactory - Finished creating instance of bean &apos;org.apache.camel.language.xpath.XPathLanguage&apos;
2015-07-10 14:48:43,562 [main] DEBUG org.springframework.beans.factory.support.DefaultListableBeanFactory - Creating instance of bean &apos;org.apache.camel.language.xpath.XPathLanguage&apos;
2015-07-10 14:48:43,563 [main] DEBUG org.springframework.beans.factory.support.DefaultListableBeanFactory - Finished creating instance of bean &apos;org.apache.camel.language.xpath.XPathLanguage&apos;
14:48:43 [main] INFO  o.a.camel.spring.SpringCamelContext - AllowUseOriginalMessage is enabled. If access to the original message is not needed, then its recommended to turn this option off as it may improve performance.
14:48:43 [main] INFO  o.a.camel.spring.SpringCamelContext - StreamCaching is not in use. If using streams then its recommended to enable stream caching. See more details at http://camel.apache.org/stream-caching.html
14:48:43 [main] INFO  o.a.c.converter.jaxb.JaxbDataFormat - Creating JAXBContext with contextPath: com.zenika.user.soapservice and ApplicationContextClassLoader: sun.misc.Launcher$AppClassLoader@42a57993
14:48:43 [main] INFO  o.a.camel.spring.SpringCamelContext - Route: routeGetAllUsers started and consuming from: Endpoint[direct://routeGetAllUsers]
14:48:43 [main] INFO  o.a.camel.spring.SpringCamelContext - Route: route7 started and consuming from: Endpoint[direct://routeGetUser]
14:48:43 [main] INFO  o.a.camel.spring.SpringCamelContext - Route: adapterRoute started and consuming from: Endpoint[direct://soapUserService]
14:48:43 [main] INFO  o.a.camel.spring.SpringCamelContext - Route: route8 started and consuming from: Endpoint[direct://routeInvalidRequest]
14:48:43 [main] INFO  o.a.camel.spring.SpringCamelContext - Route: route9 started and consuming from: Endpoint[direct://lastStageProcess]
14:48:43 [main] INFO  o.a.camel.spring.SpringCamelContext - Route: route10 started and consuming from: Endpoint[direct://restUserServer]
14:48:43 [main] INFO  o.a.camel.spring.SpringCamelContext - Route: route11 started and consuming from: Endpoint[direct://getAllUsers]
14:48:43 [main] INFO  o.a.camel.spring.SpringCamelContext - Route: route12 started and consuming from: Endpoint[direct://getUser]
14:48:43 [main] INFO  o.a.camel.spring.SpringCamelContext - Total 8 routes, of which 8 is started.
14:48:43 [main] INFO  o.a.camel.spring.SpringCamelContext - Apache Camel 2.14.0 (CamelContext: camel) started in 0.102 seconds
2015-07-10 14:48:43,604 [main] DEBUG org.springframework.test.context.CacheAwareContextLoaderDelegate - Storing ApplicationContext in cache under key [[MergedContextConfiguration@3533df16 testClass = BasicIntegrationTest, locations = &apos;{classpath:/META-INF/spring/test-integration-context.xml}&apos;, classes = &apos;{}&apos;, contextInitializerClasses = &apos;[]&apos;, activeProfiles = &apos;{}&apos;, contextLoader = &apos;org.apache.camel.test.spring.CamelSpringTestContextLoader&apos;, parent = [null]]].
SoapUI 5.1.2 TestCase Runner
14:48:43,693 WARN  [SoapUI] Missing folder [/home/armel/workspace/adapter/ext] for external libraries
14:48:43,923 INFO  [DefaultSoapUICore] initialized soapui-settings from [/home/armel/soapui-settings.xml]
14:48:44,882 INFO  [WsdlProject] Loaded project from [file:/home/armel/workspace/adapter/Adapter-soapui-project.xml]
14:48:44,889 INFO  [SoapUITestCaseRunner] Running SoapUI tests in project [Adapter]
14:48:44,891 INFO  [SoapUITestCaseRunner] Running Project [Adapter], runType = SEQUENTIAL
14:48:44,908 INFO  [SoapUITestCaseRunner] Running SoapUI testcase [GetUser]
14:48:44,915 INFO  [SoapUITestCaseRunner] running step [GetUser1]
14:48:45,034 DEBUG [SoapUIMultiThreadedHttpConnectionManager$SoapUIDefaultClientConnection] Connection closed
14:48:45,034 DEBUG [SoapUIMultiThreadedHttpConnectionManager$SoapUIDefaultClientConnection] Connection shut down
14:48:45,038 ERROR [WsdlSubmit] Exception in request: org.apache.http.conn.HttpHostConnectException: Connection to http://localhost:8080 refused
14:48:45,039 ERROR [SoapUI] An error occurred [Connection to http://localhost:8080 refused], see error log for details
14:48:45,054 INFO  [SoapUITestCaseRunner] Assertion [SOAP Response] has status UNKNOWN
14:48:45,055 INFO  [SoapUITestCaseRunner] Assertion [XPath Match] has status UNKNOWN
14:48:45,055 ERROR [SoapUITestCaseRunner] GetUser1 failed, exporting to [/home/armel/workspace/adapter/BasicTests-GetUser-GetUser1-0-FAILED.txt]
14:48:45,076 INFO  [SoapUITestCaseRunner] Finished running SoapUI testcase [GetUser], time taken: 125ms, status: FAILED
14:48:45,077 INFO  [SoapUITestCaseRunner] Project [Adapter] finished with status [FAILED] in 178ms
14:48:45 [main] INFO  c.z.user.routes.BasicIntegrationTest - ********************************************************************************
14:48:45 [main] INFO  c.z.user.routes.BasicIntegrationTest - Testing done: test(com.zenika.user.routes.BasicIntegrationTest)
14:48:45 [main] INFO  c.z.user.routes.BasicIntegrationTest - Took: 1.470 seconds (1470 millis)
14:48:45 [main] INFO  c.z.user.routes.BasicIntegrationTest - ********************************************************************************
</system-out>
    <system-err>org.apache.http.conn.HttpHostConnectException: Connection to http://localhost:8080 refused
	at com.eviware.soapui.impl.wsdl.support.http.SoapUIMultiThreadedHttpConnectionManager$SoapUIClientConnectionOperator.openConnection(SoapUIMultiThreadedHttpConnectionManager.java:279)
	at org.apache.http.impl.conn.AbstractPoolEntry.open(AbstractPoolEntry.java:149)
	at org.apache.http.impl.conn.AbstractPooledConnAdapter.open(AbstractPooledConnAdapter.java:121)
	at org.apache.http.impl.client.DefaultRequestDirector.tryConnect(DefaultRequestDirector.java:561)
	at org.apache.http.impl.client.DefaultRequestDirector.execute(DefaultRequestDirector.java:415)
	at org.apache.http.impl.client.AbstractHttpClient.execute(AbstractHttpClient.java:820)
	at org.apache.http.impl.client.AbstractHttpClient.execute(AbstractHttpClient.java:754)
	at com.eviware.soapui.impl.wsdl.support.http.HttpClientSupport$Helper.execute(HttpClientSupport.java:233)
	at com.eviware.soapui.impl.wsdl.support.http.HttpClientSupport.execute(HttpClientSupport.java:323)
	at com.eviware.soapui.impl.wsdl.submit.transports.http.HttpClientRequestTransport.submitRequest(HttpClientRequestTransport.java:290)
	at com.eviware.soapui.impl.wsdl.submit.transports.http.HttpClientRequestTransport.sendRequest(HttpClientRequestTransport.java:220)
	at com.eviware.soapui.impl.wsdl.WsdlSubmit.run(WsdlSubmit.java:119)
	at com.eviware.soapui.impl.wsdl.WsdlSubmit.submitRequest(WsdlSubmit.java:80)
	at com.eviware.soapui.impl.wsdl.WsdlRequest.submit(WsdlRequest.java:217)
	at com.eviware.soapui.impl.wsdl.teststeps.WsdlTestRequestStep.run(WsdlTestRequestStep.java:363)
	at com.eviware.soapui.impl.wsdl.support.AbstractTestCaseRunner.runTestStep(AbstractTestCaseRunner.java:213)
	at com.eviware.soapui.impl.wsdl.testcase.WsdlTestCaseRunner.runCurrentTestStep(WsdlTestCaseRunner.java:47)
	at com.eviware.soapui.impl.wsdl.support.AbstractTestCaseRunner.internalRun(AbstractTestCaseRunner.java:139)
	at com.eviware.soapui.impl.wsdl.support.AbstractTestCaseRunner.internalRun(AbstractTestCaseRunner.java:47)
	at com.eviware.soapui.impl.wsdl.support.AbstractTestRunner.run(AbstractTestRunner.java:129)
	at java.util.concurrent.Executors$RunnableAdapter.call(Executors.java:511)
	at java.util.concurrent.FutureTask.run(FutureTask.java:266)
	at java.util.concurrent.ThreadPoolExecutor.runWorker(ThreadPoolExecutor.java:1142)
	at java.util.concurrent.ThreadPoolExecutor$Worker.run(ThreadPoolExecutor.java:617)
	at java.lang.Thread.run(Thread.java:745)
Caused by: java.net.ConnectException: Connexion refusée
	at java.net.PlainSocketImpl.socketConnect(Native Method)
	at java.net.AbstractPlainSocketImpl.doConnect(AbstractPlainSocketImpl.java:345)
	at java.net.AbstractPlainSocketImpl.connectToAddress(AbstractPlainSocketImpl.java:206)
	at java.net.AbstractPlainSocketImpl.connect(AbstractPlainSocketImpl.java:188)
	at java.net.SocksSocketImpl.connect(SocksSocketImpl.java:363)
	at java.net.Socket.connect(Socket.java:589)
	at org.apache.http.conn.scheme.PlainSocketFactory.connectSocket(PlainSocketFactory.java:123)
	at com.eviware.soapui.impl.wsdl.support.http.SoapUIMultiThreadedHttpConnectionManager$SoapUIClientConnectionOperator.openConnection(SoapUIMultiThreadedHttpConnectionManager.java:262)
	... 24 more
</system-err>
  </testcase>
</testsuite>